Started GET "/" for 127.0.0.1 at 2022-12-07 20:51:18 +0300
  [1m[36mActiveRecord::SchemaMigration Pluck (0.3ms)[0m  [1m[34mSELECT "schema_migrations"."version" FROM "schema_migrations" ORDER BY "schema_migrations"."version" ASC[0m
Processing by ReportsController#index as HTML
  Rendering layout layouts/application.html.erb
  Rendering reports/index.html.erb within layouts/application
  [1m[36mReport Load (0.3ms)[0m  [1m[34mSELECT "reports".* FROM "reports"[0m
  ↳ app/views/reports/index.html.erb:6
  Rendered reports/_report.html.erb (Duration: 0.3ms | Allocations: 294)
  Rendered reports/index.html.erb within layouts/application (Duration: 13.2ms | Allocations: 18255)
  [1m[36mUser Load (0.3ms)[0m  [1m[34mSELECT "users".* FROM "users" WHERE "users"."id" = $1 ORDER BY "users"."id" ASC LIMIT $2[0m  [["id", 1], ["LIMIT", 1]]
  ↳ app/views/layouts/application.html.erb:16
  Rendered layouts/shared/_nav.html.erb (Duration: 0.6ms | Allocations: 691)
  Rendered layout layouts/application.html.erb (Duration: 58.5ms | Allocations: 76316)
Completed 200 OK in 66ms (Views: 55.5ms | ActiveRecord: 4.7ms | Allocations: 85189)


Started DELETE "/users/sign_out" for 127.0.0.1 at 2022-12-07 20:51:21 +0300
Processing by Devise::SessionsController#destroy as TURBO_STREAM
  Parameters: {"authenticity_token"=>"[FILTERED]"}
  [1m[36mUser Load (0.3ms)[0m  [1m[34mSELECT "users".* FROM "users" WHERE "users"."id" = $1 ORDER BY "users"."id" ASC LIMIT $2[0m  [["id", 1], ["LIMIT", 1]]
Redirected to http://127.0.0.1:3000/
Completed 302 Found in 7ms (ActiveRecord: 0.3ms | Allocations: 5078)


Started GET "/" for 127.0.0.1 at 2022-12-07 20:51:21 +0300
Processing by ReportsController#index as TURBO_STREAM
  Rendering layout layouts/application.html.erb
  Rendering reports/index.html.erb within layouts/application
  [1m[36mReport Load (0.2ms)[0m  [1m[34mSELECT "reports".* FROM "reports"[0m
  ↳ app/views/reports/index.html.erb:6
  Rendered reports/_report.html.erb (Duration: 0.1ms | Allocations: 22)
  Rendered reports/index.html.erb within layouts/application (Duration: 2.4ms | Allocations: 1141)
  Rendered layout layouts/application.html.erb (Duration: 8.1ms | Allocations: 3619)
Completed 200 OK in 9ms (Views: 8.4ms | ActiveRecord: 0.2ms | Allocations: 4052)


Started GET "/" for 127.0.0.1 at 2022-12-07 20:51:29 +0300
  [1m[36mActiveRecord::SchemaMigration Pluck (0.4ms)[0m  [1m[34mSELECT "schema_migrations"."version" FROM "schema_migrations" ORDER BY "schema_migrations"."version" ASC[0m
Processing by ReportsController#index as HTML
  Rendering layout layouts/application.html.erb
  Rendering reports/index.html.erb within layouts/application
  [1m[36mReport Load (0.6ms)[0m  [1m[34mSELECT "reports".* FROM "reports"[0m
  ↳ app/views/reports/index.html.erb:6
  Rendered reports/_report.html.erb (Duration: 0.4ms | Allocations: 294)
  Rendered reports/index.html.erb within layouts/application (Duration: 21.8ms | Allocations: 18076)
  Rendered layout layouts/application.html.erb (Duration: 72.2ms | Allocations: 53311)
Completed 200 OK in 87ms (Views: 70.9ms | ActiveRecord: 4.0ms | Allocations: 62191)


Started GET "/" for 127.0.0.1 at 2022-12-07 20:51:53 +0300
  [1m[36mActiveRecord::SchemaMigration Pluck (0.4ms)[0m  [1m[34mSELECT "schema_migrations"."version" FROM "schema_migrations" ORDER BY "schema_migrations"."version" ASC[0m
Processing by ReportsController#index as HTML
Completed 401 Unauthorized in 8ms (ActiveRecord: 0.0ms | Allocations: 5688)


Started GET "/users/sign_in" for 127.0.0.1 at 2022-12-07 20:51:53 +0300
Processing by Devise::SessionsController#new as HTML
  Rendering layout layouts/application.html.erb
  Rendering users/sessions/new.html.erb within layouts/application
  Rendered users/shared/_links.html.erb (Duration: 1.0ms | Allocations: 1002)
  Rendered users/sessions/new.html.erb within layouts/application (Duration: 5.7ms | Allocations: 5065)
  Rendered layout layouts/application.html.erb (Duration: 38.6ms | Allocations: 39734)
Completed 200 OK in 63ms (Views: 42.2ms | ActiveRecord: 2.4ms | Allocations: 64736)


